<?xml version="1.0" encoding="UTF-8"?>
<testng-results skipped="0" failed="0" ignored="0" total="1" passed="1">
  <reporter-output>
  </reporter-output>
  <suite name="Default suite" duration-ms="47634" started-at="2020-04-22T15:46:06Z" finished-at="2020-04-22T15:46:53Z">
    <groups>
    </groups>
    <test name="Default test" duration-ms="47634" started-at="2020-04-22T15:46:06Z" finished-at="2020-04-22T15:46:53Z">
      <class name="Appium.Practice.Child">
        <test-method status="PASS" signature="test()[pri:0, instance:Appium.Practice.Child@18a70f16]" name="test" duration-ms="47598" started-at="2020-04-22T15:46:06Z" finished-at="2020-04-22T15:46:53Z">
          <reporter-output>
          </reporter-output>
        </test-method> <!-- test -->
      </class> <!-- Appium.Practice.Child -->
    </test> <!-- Default test -->
  </suite> <!-- Default suite -->
</testng-results>
